
Aug 05, 2021 12:00:01 AM dataLogs.DataLogs logger
INFO: User is successfully registered
Aug 05, 2021 12:00:01 AM dataLogs.DataLogs logger
INFO: Login successful
Aug 05, 2021 12:03:49 AM dataLogs.DataLogs logger
INFO: Data Dictionary created successfully
Aug 05, 2021 12:03:49 AM dataLogs.DataLogs logger
INFO: Table created successfully
Aug 05, 2021 12:03:59 AM dataLogs.DataLogs logger
INFO: Table created successfully
Aug 05, 2021 12:04:04 AM dataLogs.DataLogs logger
INFO: Table created successfully
Aug 05, 2021 12:04:10 AM dataLogs.DataLogs logger
INFO: Table created successfully
Aug 05, 2021 12:05:37 AM dataLogs.DataLogs logger
INFO: Generating SQL Dump
Aug 05, 2021 12:05:58 AM dataLogs.DataLogs logger
INFO: Login successful
Aug 05, 2021 12:06:28 AM dataLogs.DataLogs logger
WARNING: INVALID SQL Query !!
Aug 05, 2021 12:06:55 AM dataLogs.DataLogs logger
INFO: Data Inserted Successfully !!
Aug 05, 2021 12:08:10 AM dataLogs.DataLogs logger
INFO: Data Inserted Successfully !!
Aug 05, 2021 12:08:27 AM dataLogs.DataLogs logger
SEVERE: Data cannot be inserted. DUPLICATE Error !!
Aug 05, 2021 12:08:50 AM dataLogs.DataLogs logger
SEVERE: Data cannot be inserted. DUPLICATE Error !!
Aug 05, 2021 12:09:43 AM dataLogs.DataLogs logger
INFO: Data Inserted Successfully !!
Aug 05, 2021 12:10:04 AM dataLogs.DataLogs logger
INFO: Data Inserted Successfully !!
Aug 05, 2021 12:11:10 AM dataLogs.DataLogs logger
INFO: Generating SQL Dump
Aug 05, 2021 12:12:47 AM dataLogs.DataLogs logger
INFO: Login successful
Aug 05, 2021 12:13:13 AM dataLogs.DataLogs logger
INFO: Table Dropped successfully !!!
Aug 05, 2021 4:45:40 PM dataLogs.DataLogs logger
WARNING: INVALID Update SQL Query !!
Aug 05, 2021 5:41:26 PM dataLogs.DataLogs logger
SEVERE: No table found!
Aug 05, 2021 5:44:25 PM dataLogs.DataLogs logger
SEVERE: No matching rows found!
Aug 05, 2021 5:47:58 PM dataLogs.DataLogs logger
SEVERE: No matching rows found!
Aug 05, 2021 6:07:14 PM dataLogs.DataLogs logger
INFO: User is successfully registered
Aug 05, 2021 6:07:14 PM dataLogs.DataLogs logger
INFO: Login successful
Aug 05, 2021 6:07:40 PM dataLogs.DataLogs logger
WARNING: No commands have been executed
Aug 05, 2021 6:12:22 PM dataLogs.DataLogs logger
INFO: Login successful
Aug 05, 2021 6:12:39 PM dataLogs.DataLogs logger
WARNING: No commands have been executed
Aug 05, 2021 6:13:01 PM dataLogs.DataLogs logger
INFO: Login successful
Aug 05, 2021 6:13:19 PM dataLogs.DataLogs logger
INFO: Login successful
Aug 05, 2021 6:13:54 PM dataLogs.DataLogs logger
WARNING: No commands have been executed
Aug 05, 2021 6:14:05 PM dataLogs.DataLogs logger
INFO: Login successful
Aug 05, 2021 6:40:27 PM dataLogs.DataLogs logger
INFO: Login successful
Aug 05, 2021 6:40:34 PM dataLogs.DataLogs logger
WARNING: No commands have been executed
Aug 05, 2021 6:46:07 PM dataLogs.DataLogs logger
INFO: Login successful
Aug 05, 2021 6:46:23 PM dataLogs.DataLogs logger
WARNING: No commands have been executed
Aug 05, 2021 6:48:40 PM dataLogs.DataLogs logger
INFO: Login successful
Aug 05, 2021 6:49:40 PM dataLogs.DataLogs logger
INFO: Login successful
Aug 05, 2021 6:49:42 PM dataLogs.DataLogs logger
WARNING: No commands have been executed
Aug 05, 2021 6:50:16 PM dataLogs.DataLogs logger
INFO: Login successful
Aug 05, 2021 6:50:38 PM dataLogs.DataLogs logger
WARNING: No commands have been executed
Aug 05, 2021 6:55:47 PM dataLogs.DataLogs logger
INFO: Login successful
Aug 05, 2021 6:56:04 PM dataLogs.DataLogs logger
SEVERE: No table found!
Aug 05, 2021 6:56:04 PM dataLogs.DataLogs logger
WARNING: No commands have been executed
Aug 05, 2021 6:56:43 PM dataLogs.DataLogs logger
INFO: Login successful
Aug 05, 2021 6:56:50 PM dataLogs.DataLogs logger
WARNING: No commands have been executed
Aug 05, 2021 6:57:39 PM dataLogs.DataLogs logger
INFO: Login successful
Aug 05, 2021 6:57:46 PM dataLogs.DataLogs logger
WARNING: No commands have been executed
Aug 05, 2021 6:58:02 PM dataLogs.DataLogs logger
INFO: Login successful
Aug 05, 2021 6:58:11 PM dataLogs.DataLogs logger
WARNING: No commands have been executed
Aug 05, 2021 6:58:35 PM dataLogs.DataLogs logger
INFO: Login successful
Aug 05, 2021 6:58:53 PM dataLogs.DataLogs logger
WARNING: No commands have been executed
Aug 05, 2021 6:59:06 PM dataLogs.DataLogs logger
INFO: Login successful
Aug 05, 2021 6:59:16 PM dataLogs.DataLogs logger
WARNING: No commands have been executed
Aug 05, 2021 7:00:39 PM dataLogs.DataLogs logger
INFO: Login successful
Aug 05, 2021 7:00:55 PM dataLogs.DataLogs logger
WARNING: No commands have been executed
Aug 05, 2021 7:01:25 PM dataLogs.DataLogs logger
INFO: Login successful
Aug 05, 2021 7:01:42 PM dataLogs.DataLogs logger
WARNING: No commands have been executed
Aug 05, 2021 7:03:18 PM dataLogs.DataLogs logger
INFO: Login successful
Aug 05, 2021 7:03:40 PM dataLogs.DataLogs logger
WARNING: No commands have been executed
